<?xml version="1.0" encoding="UTF-8"?>
<!-- Generated by org.testng.reporters.JUnitReportReporter -->
<testsuite hostname="DESKTOP-M3B437L" failures="0" tests="3" name="api.test.HeadersDemo" time="1.348" errors="0" timestamp="2024-05-19T01:36:37 IST" skipped="0">
  <testcase classname="api.test.HeadersDemo" name="getHeader2" time="1.220"/>
  <testcase classname="api.test.HeadersDemo" name="getHeaders3" time="0.048"/>
  <testcase classname="api.test.HeadersDemo" name="getHeaders" time="0.080"/>
</testsuite> <!-- api.test.HeadersDemo -->
