<?xml version="1.0" encoding="UTF-8"?>
<!-- Generated by org.testng.reporters.JUnitReportReporter -->
<testsuite hostname="DESKTOP-M3B437L" failures="0" tests="4" name="api.test.userTests" time="7.249" errors="0" timestamp="2024-05-18T18:02:07 IST" skipped="0">
  <testcase classname="api.test.userTests" name="testPostUser" time="2.577"/>
  <testcase classname="api.test.userTests" name="testReadUser" time="1.130"/>
  <testcase classname="api.test.userTests" name="testUpdateUser" time="2.352"/>
  <testcase classname="api.test.userTests" name="testDeleteUser" time="1.190"/>
</testsuite> <!-- api.test.userTests -->
