<?xml version="1.0" encoding="UTF-8"?>
<!-- Generated by org.testng.reporters.JUnitReportReporter -->
<testsuite hostname="DESKTOP-M3B437L" failures="0" tests="6" name="api.test.DDuserTests" time="8.357" errors="0" timestamp="2024-05-16T00:25:40 IST" skipped="0">
  <testcase classname="api.test.DDuserTests" name="testpostUserwithDataProviders" time="1.197"/>
  <testcase classname="api.test.DDuserTests" name="testpostUserwithDataProviders" time="1.131"/>
  <testcase classname="api.test.DDuserTests" name="testpostUserwithDataProviders" time="2.636"/>
  <testcase classname="api.test.DDuserTests" name="testGetUserWithDD" time="1.143"/>
  <testcase classname="api.test.DDuserTests" name="testGetUserWithDD" time="1.086"/>
  <testcase classname="api.test.DDuserTests" name="testGetUserWithDD" time="1.164"/>
</testsuite> <!-- api.test.DDuserTests -->
