<?xml version="1.0" encoding="UTF-8"?>
<!-- Generated by org.testng.reporters.JUnitReportReporter -->
<testsuite hostname="DESKTOP-M3B437L" failures="0" tests="5" name="api.test.Authentications" time="6.326" errors="0" timestamp="2024-05-26T12:16:18 IST" skipped="0">
  <testcase classname="api.test.Authentications" name="testBasicAuthentication" time="3.039"/>
  <testcase classname="api.test.Authentications" name="testDigesticAuthentication" time="1.341"/>
  <testcase classname="api.test.Authentications" name="testPreemptiveAuthentication" time="1.113"/>
  <testcase classname="api.test.Authentications" name="testBearerTokenAuthentication" time="0.471"/>
  <testcase classname="api.test.Authentications" name="testOAuth2Authentication" time="0.362"/>
</testsuite> <!-- api.test.Authentications -->
