<?xml version="1.0" encoding="UTF-8"?>
<!-- Generated by org.testng.reporters.JUnitReportReporter -->
<testsuite hostname="DESKTOP-M3B437L" failures="0" tests="6" name="api.test.DDuserTests" time="6.788" errors="0" timestamp="2024-05-18T18:13:09 IST" skipped="0">
  <testcase classname="api.test.DDuserTests" name="testpostUserwithDataProviders" time="1.085"/>
  <testcase classname="api.test.DDuserTests" name="testpostUserwithDataProviders" time="1.152"/>
  <testcase classname="api.test.DDuserTests" name="testpostUserwithDataProviders" time="1.106"/>
  <testcase classname="api.test.DDuserTests" name="testGetUserWithDD" time="1.132"/>
  <testcase classname="api.test.DDuserTests" name="testGetUserWithDD" time="1.136"/>
  <testcase classname="api.test.DDuserTests" name="testGetUserWithDD" time="1.177"/>
</testsuite> <!-- api.test.DDuserTests -->
