<?xml version="1.0" encoding="UTF-8"?>
<!-- Generated by org.testng.reporters.JUnitReportReporter -->
<testsuite hostname="DESKTOP-M3B437L" failures="0" tests="4" name="api.test.userTests2" time="5.626" errors="0" timestamp="2024-05-18T14:23:34 IST" skipped="0">
  <testcase classname="api.test.userTests2" name="testPostUser" time="1.089"/>
  <testcase classname="api.test.userTests2" name="testReadUser" time="1.167"/>
  <testcase classname="api.test.userTests2" name="testUpdateUser" time="2.223"/>
  <testcase classname="api.test.userTests2" name="testDeleteUser" time="1.147"/>
</testsuite> <!-- api.test.userTests2 -->
