<?xml version="1.0" encoding="UTF-8"?>
<!-- Generated by org.testng.reporters.JUnitReportReporter -->
<testsuite hostname="DESKTOP-M3B437L" failures="0" tests="4" name="api.test.userTests" time="7.366" errors="0" timestamp="2024-05-18T11:21:15 IST" skipped="0">
  <testcase classname="api.test.userTests" name="testPostUser" time="2.712"/>
  <testcase classname="api.test.userTests" name="testReadUser" time="1.217"/>
  <testcase classname="api.test.userTests" name="testUpdateUser" time="2.295"/>
  <testcase classname="api.test.userTests" name="testDeleteUser" time="1.142"/>
</testsuite> <!-- api.test.userTests -->
