<?xml version="1.0" encoding="UTF-8"?>
<!-- Generated by org.testng.reporters.JUnitReportReporter -->
<testsuite hostname="DESKTOP-M3B437L" failures="0" tests="1" name="api.test.SerializationAndDeserialization" time="0.219" errors="0" timestamp="2024-05-23T21:18:19 IST" skipped="0">
  <testcase classname="api.test.SerializationAndDeserialization" name="Json2pojo" time="0.219"/>
</testsuite> <!-- api.test.SerializationAndDeserialization -->
