<?xml version="1.0" encoding="UTF-8"?>
<!-- Generated by org.testng.reporters.JUnitReportReporter -->
<testsuite hostname="DESKTOP-M3B437L" failures="0" tests="6" name="api.test.DDuserTests" time="8.318" errors="0" timestamp="2024-05-18T18:01:50 IST" skipped="0">
  <testcase classname="api.test.DDuserTests" name="testpostUserwithDataProviders" time="2.472"/>
  <testcase classname="api.test.DDuserTests" name="testpostUserwithDataProviders" time="1.165"/>
  <testcase classname="api.test.DDuserTests" name="testpostUserwithDataProviders" time="1.218"/>
  <testcase classname="api.test.DDuserTests" name="testGetUserWithDD" time="1.152"/>
  <testcase classname="api.test.DDuserTests" name="testGetUserWithDD" time="1.184"/>
  <testcase classname="api.test.DDuserTests" name="testGetUserWithDD" time="1.127"/>
</testsuite> <!-- api.test.DDuserTests -->
