<?xml version="1.0" encoding="UTF-8"?>
<!-- Generated by org.testng.reporters.JUnitReportReporter -->
<testsuite hostname="DESKTOP-M3B437L" failures="0" tests="1" name="api.test.XMLSchemaValidator2" time="2.289" errors="0" timestamp="2024-05-23T21:04:13 IST" skipped="0">
  <testcase classname="api.test.XMLSchemaValidator2" name="jsonScehma" time="2.289"/>
</testsuite> <!-- api.test.XMLSchemaValidator2 -->
