<?xml version="1.0" encoding="UTF-8"?>
<!-- Generated by org.testng.reporters.JUnitReportReporter -->
<testsuite hostname="DESKTOP-M3B437L" failures="0" tests="4" name="api.test.userTests2" time="6.171" errors="0" timestamp="2024-05-18T18:13:09 IST" skipped="0">
  <testcase classname="api.test.userTests2" name="testPostUser" time="1.144"/>
  <testcase classname="api.test.userTests2" name="testReadUser" time="1.628"/>
  <testcase classname="api.test.userTests2" name="testUpdateUser" time="2.287"/>
  <testcase classname="api.test.userTests2" name="testDeleteUser" time="1.112"/>
</testsuite> <!-- api.test.userTests2 -->
