<?xml version="1.0" encoding="UTF-8"?>
<!-- Generated by org.testng.reporters.JUnitReportReporter -->
<testsuite hostname="DESKTOP-M3B437L" failures="0" tests="4" name="api.test.DifferentWaystoPostRequest" time="3.086" errors="0" timestamp="2024-05-18T18:13:09 IST" skipped="0">
  <testcase classname="api.test.DifferentWaystoPostRequest" name="postUser" time="0.949"/>
  <testcase classname="api.test.DifferentWaystoPostRequest" name="postUser2" time="1.319"/>
  <testcase classname="api.test.DifferentWaystoPostRequest" name="postUser3" time="0.405"/>
  <testcase classname="api.test.DifferentWaystoPostRequest" name="postUser4" time="0.413"/>
</testsuite> <!-- api.test.DifferentWaystoPostRequest -->
