<?xml version="1.0" encoding="UTF-8"?>
<!-- Generated by org.testng.reporters.JUnitReportReporter -->
<testsuite hostname="DESKTOP-M3B437L" failures="0" tests="2" name="api.test.FileUploadAndDownload" time="3.808" errors="0" timestamp="2024-05-23T20:28:03 IST" skipped="0">
  <testcase classname="api.test.FileUploadAndDownload" name="FileUpload" time="2.595"/>
  <testcase classname="api.test.FileUploadAndDownload" name="FileDownload" time="1.213"/>
</testsuite> <!-- api.test.FileUploadAndDownload -->
