<?xml version="1.0" encoding="UTF-8"?>
<!-- Generated by org.testng.reporters.JUnitReportReporter -->
<testsuite hostname="DESKTOP-M3B437L" failures="0" tests="1" name="api.test.CreateUser" time="2.878" errors="0" timestamp="2024-05-23T22:06:28 IST" skipped="0">
  <testcase classname="api.test.CreateUser" name="createUser" time="2.878"/>
</testsuite> <!-- api.test.CreateUser -->
