<?xml version="1.0" encoding="UTF-8"?>
<!-- Generated by org.testng.reporters.JUnitReportReporter -->
<testsuite hostname="DESKTOP-M3B437L" failures="0" tests="1" name="api.test.JsonParserDemo" time="4.612" errors="0" timestamp="2024-05-19T03:12:04 IST" skipped="0">
  <testcase classname="api.test.JsonParserDemo" name="jsonParserDemo4" time="4.612"/>
</testsuite> <!-- api.test.JsonParserDemo -->
