<?xml version="1.0" encoding="UTF-8"?>
<!-- Generated by org.testng.reporters.JUnitReportReporter -->
<testsuite hostname="DESKTOP-M3B437L" failures="0" tests="1" name="api.test.CookiesDemo" time="1.003" errors="0" timestamp="2024-05-19T01:42:27 IST" skipped="0">
  <testcase classname="api.test.CookiesDemo" name="getCookies" time="1.003"/>
</testsuite> <!-- api.test.CookiesDemo -->
