<?xml version="1.0" encoding="UTF-8"?>
<!-- Generated by org.testng.reporters.JUnitReportReporter -->
<testsuite hostname="DESKTOP-M3B437L" failures="0" tests="3" name="api.test.DiffWaysToQueryAndPathParameters" time="3.378" errors="0" timestamp="2024-05-19T02:39:28 IST" skipped="0">
  <testcase classname="api.test.DiffWaysToQueryAndPathParameters" name="QueryAndPathParams2" time="1.034"/>
  <testcase classname="api.test.DiffWaysToQueryAndPathParameters" name="QueryAndPathParams" time="2.240"/>
  <testcase classname="api.test.DiffWaysToQueryAndPathParameters" name="QueryAndPathParams3" time="0.104"/>
</testsuite> <!-- api.test.DiffWaysToQueryAndPathParameters -->
