<?xml version="1.0" encoding="UTF-8"?>
<!-- Generated by org.testng.reporters.JUnitReportReporter -->
<testsuite hostname="DESKTOP-M3B437L" failures="0" tests="4" name="api.test.userTests2" time="7.765" errors="0" timestamp="2024-05-18T18:02:20 IST" skipped="0">
  <testcase classname="api.test.userTests2" name="testPostUser" time="3.086"/>
  <testcase classname="api.test.userTests2" name="testReadUser" time="1.193"/>
  <testcase classname="api.test.userTests2" name="testUpdateUser" time="2.279"/>
  <testcase classname="api.test.userTests2" name="testDeleteUser" time="1.207"/>
</testsuite> <!-- api.test.userTests2 -->
