<?xml version="1.0" encoding="UTF-8"?>
<!-- Generated by org.testng.reporters.JUnitReportReporter -->
<testsuite hostname="DESKTOP-M3B437L" failures="0" tests="4" name="api.test.userTests3" time="3.923" errors="0" timestamp="2024-05-18T17:59:02 IST" skipped="0">
  <testcase classname="api.test.userTests3" name="postUser" time="1.871"/>
  <testcase classname="api.test.userTests3" name="postUser2" time="1.047"/>
  <testcase classname="api.test.userTests3" name="postUser3" time="0.524"/>
  <testcase classname="api.test.userTests3" name="postUser4" time="0.481"/>
</testsuite> <!-- api.test.userTests3 -->
