<?xml version="1.0" encoding="UTF-8"?>
<!-- Generated by org.testng.reporters.JUnitReportReporter -->
<testsuite hostname="DESKTOP-M3B437L" failures="0" tests="2" name="api.test.DiffWaysToQueryAndPathParameters" time="1.426" errors="0" timestamp="2024-05-19T01:12:39 IST" skipped="0">
  <testcase classname="api.test.DiffWaysToQueryAndPathParameters" name="QueryAndPathParams2" time="0.066"/>
  <testcase classname="api.test.DiffWaysToQueryAndPathParameters" name="QueryAndPathParams" time="1.360"/>
</testsuite> <!-- api.test.DiffWaysToQueryAndPathParameters -->
