<?xml version="1.0" encoding="UTF-8"?>
<!-- Generated by org.testng.reporters.JUnitReportReporter -->
<testsuite hostname="DESKTOP-M3B437L" failures="0" tests="1" name="api.test.GetUser" time="0.927" errors="0" timestamp="2024-05-23T22:06:28 IST" skipped="0">
  <testcase classname="api.test.GetUser" name="getUser" time="0.927"/>
</testsuite> <!-- api.test.GetUser -->
