<?xml version="1.0" encoding="UTF-8"?>
<!-- Generated by org.testng.reporters.JUnitReportReporter -->
<testsuite hostname="DESKTOP-M3B437L" failures="0" tests="4" name="api.test.userTests" time="8.142" errors="0" timestamp="2024-05-18T14:23:34 IST" skipped="0">
  <testcase classname="api.test.userTests" name="testPostUser" time="3.468"/>
  <testcase classname="api.test.userTests" name="testReadUser" time="1.104"/>
  <testcase classname="api.test.userTests" name="testUpdateUser" time="2.426"/>
  <testcase classname="api.test.userTests" name="testDeleteUser" time="1.144"/>
</testsuite> <!-- api.test.userTests -->
