<?xml version="1.0" encoding="UTF-8"?>
<!-- Generated by org.testng.reporters.JUnitReportReporter -->
<testsuite hostname="DESKTOP-M3B437L" failures="0" tests="6" name="api.test.DDuserTests" time="6.648" errors="0" timestamp="2024-05-19T01:54:41 IST" skipped="0">
  <testcase classname="api.test.DDuserTests" name="testpostUserwithDataProviders" time="1.083"/>
  <testcase classname="api.test.DDuserTests" name="testpostUserwithDataProviders" time="1.078"/>
  <testcase classname="api.test.DDuserTests" name="testpostUserwithDataProviders" time="1.125"/>
  <testcase classname="api.test.DDuserTests" name="testGetUserWithDD" time="1.129"/>
  <testcase classname="api.test.DDuserTests" name="testGetUserWithDD" time="1.118"/>
  <testcase classname="api.test.DDuserTests" name="testGetUserWithDD" time="1.115"/>
</testsuite> <!-- api.test.DDuserTests -->
