<?xml version="1.0" encoding="UTF-8"?>
<!-- Generated by org.testng.reporters.JUnitReportReporter -->
<testsuite hostname="DESKTOP-M3B437L" failures="0" tests="3" name="api.test.CookiesDemo" time="0.035" errors="0" timestamp="2024-05-19T01:54:41 IST" skipped="0">
  <testcase classname="api.test.CookiesDemo" name="getCookies3" time="0.008"/>
  <testcase classname="api.test.CookiesDemo" name="getCookies" time="0.019"/>
  <testcase classname="api.test.CookiesDemo" name="getCookies2" time="0.008"/>
</testsuite> <!-- api.test.CookiesDemo -->
