<?xml version="1.0" encoding="UTF-8"?>
<!-- Generated by org.testng.reporters.JUnitReportReporter -->
<testsuite hostname="DESKTOP-M3B437L" failures="0" tests="4" name="api.test.userTests2" time="5.690" errors="0" timestamp="2024-05-19T01:54:41 IST" skipped="0">
  <testcase classname="api.test.userTests2" name="testPostUser" time="1.179"/>
  <testcase classname="api.test.userTests2" name="testReadUser" time="1.104"/>
  <testcase classname="api.test.userTests2" name="testUpdateUser" time="2.283"/>
  <testcase classname="api.test.userTests2" name="testDeleteUser" time="1.124"/>
</testsuite> <!-- api.test.userTests2 -->
