<?xml version="1.0" encoding="UTF-8"?>
<!-- Generated by org.testng.reporters.JUnitReportReporter -->
<testsuite hostname="DESKTOP-M3B437L" failures="0" tests="6" name="api.test.DDuserTests" time="9.897" errors="0" timestamp="2024-05-18T11:27:43 IST" skipped="0">
  <testcase classname="api.test.DDuserTests" name="testpostUserwithDataProviders" time="1.205"/>
  <testcase classname="api.test.DDuserTests" name="testpostUserwithDataProviders" time="4.080"/>
  <testcase classname="api.test.DDuserTests" name="testpostUserwithDataProviders" time="1.142"/>
  <testcase classname="api.test.DDuserTests" name="testGetUserWithDD" time="1.141"/>
  <testcase classname="api.test.DDuserTests" name="testGetUserWithDD" time="1.109"/>
  <testcase classname="api.test.DDuserTests" name="testGetUserWithDD" time="1.220"/>
</testsuite> <!-- api.test.DDuserTests -->
