<?xml version="1.0" encoding="UTF-8"?>
<!-- Generated by org.testng.reporters.JUnitReportReporter -->
<testsuite hostname="DESKTOP-M3B437L" failures="0" tests="2" name="api.test.DiffWaysToQueryAndPathParameters" time="0.093" errors="0" timestamp="2024-05-19T01:54:41 IST" skipped="0">
  <testcase classname="api.test.DiffWaysToQueryAndPathParameters" name="QueryAndPathParams2" time="0.043"/>
  <testcase classname="api.test.DiffWaysToQueryAndPathParameters" name="QueryAndPathParams" time="0.050"/>
</testsuite> <!-- api.test.DiffWaysToQueryAndPathParameters -->
