<?xml version="1.0" encoding="UTF-8"?>
<!-- Generated by org.testng.reporters.JUnitReportReporter -->
<testsuite hostname="DESKTOP-M3B437L" failures="0" tests="3" name="api.test.HeadersDemo" time="0.150" errors="0" timestamp="2024-05-19T01:54:41 IST" skipped="0">
  <testcase classname="api.test.HeadersDemo" name="getHeaders" time="0.050"/>
  <testcase classname="api.test.HeadersDemo" name="getHeaders3" time="0.040"/>
  <testcase classname="api.test.HeadersDemo" name="getHeader2" time="0.060"/>
</testsuite> <!-- api.test.HeadersDemo -->
