<?xml version="1.0" encoding="UTF-8"?>
<!-- Generated by org.testng.reporters.JUnitReportReporter -->
<testsuite hostname="DESKTOP-M3B437L" failures="0" tests="4" name="api.test.userTests" time="8.554" errors="0" timestamp="2024-05-18T11:40:15 IST" skipped="0">
  <testcase classname="api.test.userTests" name="testPostUser" time="3.945"/>
  <testcase classname="api.test.userTests" name="testReadUser" time="1.219"/>
  <testcase classname="api.test.userTests" name="testUpdateUser" time="2.265"/>
  <testcase classname="api.test.userTests" name="testDeleteUser" time="1.125"/>
</testsuite> <!-- api.test.userTests -->
