<?xml version="1.0" encoding="UTF-8"?>
<!-- Generated by org.testng.reporters.JUnitReportReporter -->
<testsuite hostname="DESKTOP-M3B437L" failures="0" tests="4" name="api.test.DifferentWaystoPostRequest" time="1.979" errors="0" timestamp="2024-05-19T01:54:41 IST" skipped="0">
  <testcase classname="api.test.DifferentWaystoPostRequest" name="postUser" time="0.412"/>
  <testcase classname="api.test.DifferentWaystoPostRequest" name="postUser2" time="0.858"/>
  <testcase classname="api.test.DifferentWaystoPostRequest" name="postUser3" time="0.345"/>
  <testcase classname="api.test.DifferentWaystoPostRequest" name="postUser4" time="0.364"/>
</testsuite> <!-- api.test.DifferentWaystoPostRequest -->
